c:\k020g1188\cg\project1 - コピー (3) - コピー\x64\debug\rakiengine_library.pdb
c:\k020g1188\cg\project1 - コピー (3) - コピー\rakiengine_library\x64\debug\spritemanager.obj
c:\k020g1188\cg\project1 - コピー (3) - コピー\rakiengine_library\x64\debug\sprite.obj
c:\k020g1188\cg\project1 - コピー (3) - コピー\rakiengine_library\x64\debug\rvector.obj
c:\k020g1188\cg\project1 - コピー (3) - コピー\rakiengine_library\x64\debug\raki_winapi.obj
c:\k020g1188\cg\project1 - コピー (3) - コピー\rakiengine_library\x64\debug\raki_input.obj
c:\k020g1188\cg\project1 - コピー (3) - コピー\rakiengine_library\x64\debug\raki_imguimgr.obj
c:\k020g1188\cg\project1 - コピー (3) - コピー\rakiengine_library\x64\debug\raki_dx12b.obj
c:\k020g1188\cg\project1 - コピー (3) - コピー\rakiengine_library\x64\debug\ny_object3dmgr.obj
c:\k020g1188\cg\project1 - コピー (3) - コピー\rakiengine_library\x64\debug\ny_object3d.obj
c:\k020g1188\cg\project1 - コピー (3) - コピー\rakiengine_library\x64\debug\ny_model.obj
c:\k020g1188\cg\project1 - コピー (3) - コピー\rakiengine_library\x64\debug\ny_camera.obj
c:\k020g1188\cg\project1 - コピー (3) - コピー\rakiengine_library\x64\debug\imgui_widgets.obj
c:\k020g1188\cg\project1 - コピー (3) - コピー\rakiengine_library\x64\debug\imgui_tables.obj
c:\k020g1188\cg\project1 - コピー (3) - コピー\rakiengine_library\x64\debug\imgui_impl_win32.obj
c:\k020g1188\cg\project1 - コピー (3) - コピー\rakiengine_library\x64\debug\imgui_impl_dx12.obj
c:\k020g1188\cg\project1 - コピー (3) - コピー\rakiengine_library\x64\debug\imgui_draw.obj
c:\k020g1188\cg\project1 - コピー (3) - コピー\rakiengine_library\x64\debug\imgui_demo.obj
c:\k020g1188\cg\project1 - コピー (3) - コピー\rakiengine_library\x64\debug\imgui.obj
c:\k020g1188\cg\project1 - コピー (3) - コピー\rakiengine_library\x64\debug\fps.obj
c:\k020g1188\cg\project1 - コピー (3) - コピー\rakiengine_library\x64\debug\audio.obj
c:\k020g1188\cg\project1 - コピー (3) - コピー\rakiengine_library\x64\debug\texmanager.obj
c:\k020g1188\cg\project1 - コピー (3) - コピー\rakiengine_library\x64\debug\scenechanger.obj
c:\k020g1188\cg\project1 - コピー (3) - コピー\rakiengine_library\x64\debug\raki_scenemanager.obj
c:\k020g1188\cg\project1 - コピー (3) - コピー\rakiengine_library\x64\debug\iscenemanager.obj
c:\k020g1188\cg\project1 - コピー (3) - コピー\rakiengine_library\x64\debug\particlemanager.obj
c:\k020g1188\cg\project1 - コピー (3) - コピー\x64\debug\spriteps.cso
c:\k020g1188\cg\project1 - コピー (3) - コピー\x64\debug\spritevs.cso
c:\k020g1188\cg\project1 - コピー (3) - コピー\x64\debug\objgeometryshader.cso
c:\k020g1188\cg\project1 - コピー (3) - コピー\x64\debug\objvertexshader.cso
c:\k020g1188\cg\project1 - コピー (3) - コピー\x64\debug\objpixelshader.cso
c:\k020g1188\cg\project1 - コピー (3) - コピー\x64\debug\rakiengine_library.lib
c:\k020g1188\cg\project1 - コピー (3) - コピー\rakiengine_library\x64\debug\rakiengi.5daf280f.tlog\cl.command.1.tlog
c:\k020g1188\cg\project1 - コピー (3) - コピー\rakiengine_library\x64\debug\rakiengi.5daf280f.tlog\cl.read.1.tlog
c:\k020g1188\cg\project1 - コピー (3) - コピー\rakiengine_library\x64\debug\rakiengi.5daf280f.tlog\cl.write.1.tlog
c:\k020g1188\cg\project1 - コピー (3) - コピー\rakiengine_library\x64\debug\rakiengi.5daf280f.tlog\fxc.command.1.tlog
c:\k020g1188\cg\project1 - コピー (3) - コピー\rakiengine_library\x64\debug\rakiengi.5daf280f.tlog\fxc.read.1.tlog
c:\k020g1188\cg\project1 - コピー (3) - コピー\rakiengine_library\x64\debug\rakiengi.5daf280f.tlog\fxc.write.1.tlog
c:\k020g1188\cg\project1 - コピー (3) - コピー\rakiengine_library\x64\debug\rakiengi.5daf280f.tlog\lib-link.read.1.tlog
c:\k020g1188\cg\project1 - コピー (3) - コピー\rakiengine_library\x64\debug\rakiengi.5daf280f.tlog\lib-link.write.1.tlog
c:\k020g1188\cg\project1 - コピー (3) - コピー\rakiengine_library\x64\debug\rakiengi.5daf280f.tlog\lib.command.1.tlog
